<?xml version="1.0" encoding="UTF-8"?>
<testsuite xmlns:xsi="http://www.w3.org/2001/XMLSchema-instance" xsi:noNamespaceSchemaLocation="https://maven.apache.org/surefire/maven-surefire-plugin/xsd/surefire-test-report-3.0.xsd" version="3.0" name="TestSuite" time="35.424" tests="1" errors="0" skipped="0" failures="0">
  <properties>
[...]
</properties>
  <testcase name="createFollowUpEvent" classname="com.sfdc.testcases.SFDC001_LoginPage" time="11.388">
    <system-out><![CDATA[[TestNGContentHandler] [WARN] It is strongly recommended to add "<!DOCTYPE suite SYSTEM "http://testng.org/testng-1.0.dtd" >" at the top of your file, otherwise TestNG may fail or not work as expected.
{
    "access_token": "00D2x000001f9ro!AREAQGEegZwGFJAeGNzcNTXsRVDOnaWojEjahSC4PyDRnHlSNaOvzvsiaWrtO.5Coe2othOE04Eaa8FnB_GpAXcWiLfkNTub",
    "instance_url": "https://ap17.salesforce.com",
    "id": "https://login.salesforce.com/id/00D2x000001f9roEAA/0052x0000016hgqAAA",
    "token_type": "Bearer",
    "issued_at": "1623497008514",
    "signature": "FP6fb4GzxwE9i7cQzIuQiAzfPM3NDo9pvDr+zTKgx54="
}
{
    "access_token": "00D2x000001f9ro!AREAQGEegZwGFJAeGNzcNTXsRVDOnaWojEjahSC4PyDRnHlSNaOvzvsiaWrtO.5Coe2othOE04Eaa8FnB_GpAXcWiLfkNTub",
    "instance_url": "https://ap17.salesforce.com",
    "id": "https://login.salesforce.com/id/00D2x000001f9roEAA/0052x0000016hgqAAA",
    "token_type": "Bearer",
    "issued_at": "1623497008514",
    "signature": "FP6fb4GzxwE9i7cQzIuQiAzfPM3NDo9pvDr+zTKgx54="
}
{
    "id": "0012x00000NUeoOAAT",
    "success": true,
    "errors": [
        
    ]
}
-->   0012x00000NUeoOAAT
The browser loaded the URL https://login.salesforce.com/
]]></system-out>
    <system-err><![CDATA[SLF4J: Failed to load class "org.slf4j.impl.StaticLoggerBinder".
SLF4J: Defaulting to no-operation (NOP) logger implementation
SLF4J: See http://www.slf4j.org/codes.html#StaticLoggerBinder for further details.
Starting ChromeDriver 2.40.565498 (ea082db3280dd6843ebfb08a625e3eb905c4f5ab) on port 32042
Only local connections are allowed.
[1623497014.179][WARNING]: Timed out connecting to Chrome, retrying...
Jun 12, 2021 4:53:36 PM org.openqa.selenium.remote.ProtocolHandshake createSession
INFO: Detected dialect: OSS
[1623497018.283][WARNING]: Timed out connecting to Chrome, retrying...
]]></system-err>
  </testcase>
</testsuite>