<?xml version="1.0" encoding="UTF-8"?>
<testng-results skipped="0" failed="0" ignored="0" total="1" passed="1">
  <reporter-output>
  </reporter-output>
  <suite name="Suite" duration-ms="33595" started-at="2021-06-12T11:23:26Z" finished-at="2021-06-12T11:24:00Z">
    <groups>
    </groups>
    <test name="Test" duration-ms="33595" started-at="2021-06-12T11:23:26Z" finished-at="2021-06-12T11:24:00Z">
      <class name="com.sfdc.testcases.SFDC001_LoginPage">
        <test-method status="PASS" signature="beforeSuite()[pri:0, instance:com.sfdc.testcases.SFDC001_LoginPage@31368b99]" name="beforeSuite" is-config="true" duration-ms="484" started-at="2021-06-12T11:23:26Z" finished-at="2021-06-12T11:23:26Z">
          <reporter-output>
          </reporter-output>
        </test-method> <!-- beforeSuite -->
        <test-method status="PASS" signature="setValues()[pri:0, instance:com.sfdc.testcases.SFDC001_LoginPage@31368b99]" name="setValues" is-config="true" duration-ms="0" started-at="2021-06-12T11:23:26Z" finished-at="2021-06-12T11:23:26Z">
          <reporter-output>
          </reporter-output>
        </test-method> <!-- setValues -->
        <test-method status="PASS" signature="beforeClass()[pri:0, instance:com.sfdc.testcases.SFDC001_LoginPage@31368b99]" name="beforeClass" is-config="true" duration-ms="3586" started-at="2021-06-12T11:23:26Z" finished-at="2021-06-12T11:23:30Z">
          <reporter-output>
          </reporter-output>
        </test-method> <!-- beforeClass -->
        <test-method status="PASS" signature="beforeMethod()[pri:0, instance:com.sfdc.testcases.SFDC001_LoginPage@31368b99]" name="beforeMethod" is-config="true" duration-ms="18602" started-at="2021-06-12T11:23:30Z" finished-at="2021-06-12T11:23:49Z">
          <reporter-output>
          </reporter-output>
        </test-method> <!-- beforeMethod -->
        <test-method status="PASS" signature="createFollowUpEvent()[pri:0, instance:com.sfdc.testcases.SFDC001_LoginPage@31368b99]" name="createFollowUpEvent" duration-ms="11392" started-at="2021-06-12T11:23:49Z" finished-at="2021-06-12T11:24:00Z">
          <reporter-output>
          </reporter-output>
        </test-method> <!-- createFollowUpEvent -->
        <test-method status="PASS" signature="afterMethod()[pri:0, instance:com.sfdc.testcases.SFDC001_LoginPage@31368b99]" name="afterMethod" is-config="true" duration-ms="0" started-at="2021-06-12T11:24:00Z" finished-at="2021-06-12T11:24:00Z">
          <reporter-output>
          </reporter-output>
        </test-method> <!-- afterMethod -->
        <test-method status="PASS" signature="afterSuite()[pri:0, instance:com.sfdc.testcases.SFDC001_LoginPage@31368b99]" name="afterSuite" is-config="true" duration-ms="259" started-at="2021-06-12T11:24:00Z" finished-at="2021-06-12T11:24:00Z">
          <reporter-output>
          </reporter-output>
        </test-method> <!-- afterSuite -->
      </class> <!-- com.sfdc.testcases.SFDC001_LoginPage -->
    </test> <!-- Test -->
  </suite> <!-- Suite -->
</testng-results>
