<?xml version="1.0" encoding="UTF-8"?>
<testng-results skipped="0" failed="0" ignored="0" total="1" passed="1">
  <reporter-output>
  </reporter-output>
  <suite name="Suite" duration-ms="22701" started-at="2021-06-11T17:25:58Z" finished-at="2021-06-11T17:26:20Z">
    <groups>
    </groups>
    <test name="Test" duration-ms="22701" started-at="2021-06-11T17:25:58Z" finished-at="2021-06-11T17:26:20Z">
      <class name="com.sfdc.testcases.SFDC001_LoginPage">
        <test-method status="PASS" signature="beforeSuite()[pri:0, instance:com.sfdc.testcases.SFDC001_LoginPage@3e58a80e]" name="beforeSuite" is-config="true" duration-ms="270" started-at="2021-06-11T17:25:57Z" finished-at="2021-06-11T17:25:58Z">
          <reporter-output>
          </reporter-output>
        </test-method> <!-- beforeSuite -->
        <test-method status="PASS" signature="setValues()[pri:0, instance:com.sfdc.testcases.SFDC001_LoginPage@3e58a80e]" name="setValues" is-config="true" duration-ms="1" started-at="2021-06-11T17:25:58Z" finished-at="2021-06-11T17:25:58Z">
          <reporter-output>
          </reporter-output>
        </test-method> <!-- setValues -->
        <test-method status="PASS" signature="beforeClass()[pri:0, instance:com.sfdc.testcases.SFDC001_LoginPage@3e58a80e]" name="beforeClass" is-config="true" duration-ms="3546" started-at="2021-06-11T17:25:58Z" finished-at="2021-06-11T17:26:01Z">
          <reporter-output>
          </reporter-output>
        </test-method> <!-- beforeClass -->
        <test-method status="PASS" signature="beforeMethod()[pri:0, instance:com.sfdc.testcases.SFDC001_LoginPage@3e58a80e]" name="beforeMethod" is-config="true" duration-ms="12626" started-at="2021-06-11T17:26:01Z" finished-at="2021-06-11T17:26:14Z">
          <reporter-output>
          </reporter-output>
        </test-method> <!-- beforeMethod -->
        <test-method status="PASS" signature="createFollowUpEvent()[pri:0, instance:com.sfdc.testcases.SFDC001_LoginPage@3e58a80e]" name="createFollowUpEvent" duration-ms="6514" started-at="2021-06-11T17:26:14Z" finished-at="2021-06-11T17:26:20Z">
          <reporter-output>
          </reporter-output>
        </test-method> <!-- createFollowUpEvent -->
        <test-method status="PASS" signature="afterMethod()[pri:0, instance:com.sfdc.testcases.SFDC001_LoginPage@3e58a80e]" name="afterMethod" is-config="true" duration-ms="0" started-at="2021-06-11T17:26:20Z" finished-at="2021-06-11T17:26:20Z">
          <reporter-output>
          </reporter-output>
        </test-method> <!-- afterMethod -->
        <test-method status="PASS" signature="afterSuite()[pri:0, instance:com.sfdc.testcases.SFDC001_LoginPage@3e58a80e]" name="afterSuite" is-config="true" duration-ms="219" started-at="2021-06-11T17:26:20Z" finished-at="2021-06-11T17:26:21Z">
          <reporter-output>
          </reporter-output>
        </test-method> <!-- afterSuite -->
      </class> <!-- com.sfdc.testcases.SFDC001_LoginPage -->
    </test> <!-- Test -->
  </suite> <!-- Suite -->
</testng-results>
