<?xml version="1.0" encoding="UTF-8"?>
<testng-results ignored="0" total="1" passed="1" failed="0" skipped="0">
  <reporter-output>
  </reporter-output>
  <suite started-at="2021-06-12T12:18:01Z" name="Suite" finished-at="2021-06-12T12:18:23Z" duration-ms="22064">
    <groups>
    </groups>
    <test started-at="2021-06-12T12:18:01Z" name="Test" finished-at="2021-06-12T12:18:23Z" duration-ms="22064">
      <class name="com.sfdc.testcases.SFDC001_LoginPage">
        <test-method is-config="true" signature="beforeSuite()[pri:0, instance:com.sfdc.testcases.SFDC001_LoginPage@554e218]" started-at="2021-06-12T12:18:01Z" name="beforeSuite" finished-at="2021-06-12T12:18:01Z" duration-ms="470" status="PASS">
          <reporter-output>
          </reporter-output>
        </test-method> <!-- beforeSuite -->
        <test-method is-config="true" signature="setValues()[pri:0, instance:com.sfdc.testcases.SFDC001_LoginPage@554e218]" started-at="2021-06-12T12:18:01Z" name="setValues" finished-at="2021-06-12T12:18:01Z" duration-ms="0" status="PASS">
          <reporter-output>
          </reporter-output>
        </test-method> <!-- setValues -->
        <test-method is-config="true" signature="beforeClass()[pri:0, instance:com.sfdc.testcases.SFDC001_LoginPage@554e218]" started-at="2021-06-12T12:18:01Z" name="beforeClass" finished-at="2021-06-12T12:18:05Z" duration-ms="3373" status="PASS">
          <reporter-output>
          </reporter-output>
        </test-method> <!-- beforeClass -->
        <test-method is-config="true" signature="beforeMethod()[pri:0, instance:com.sfdc.testcases.SFDC001_LoginPage@554e218]" started-at="2021-06-12T12:18:05Z" name="beforeMethod" finished-at="2021-06-12T12:18:17Z" duration-ms="12013" status="PASS">
          <reporter-output>
          </reporter-output>
        </test-method> <!-- beforeMethod -->
        <test-method signature="createFollowUpEvent()[pri:0, instance:com.sfdc.testcases.SFDC001_LoginPage@554e218]" started-at="2021-06-12T12:18:17Z" name="createFollowUpEvent" finished-at="2021-06-12T12:18:23Z" duration-ms="6666" status="PASS">
          <reporter-output>
          </reporter-output>
        </test-method> <!-- createFollowUpEvent -->
        <test-method is-config="true" signature="afterMethod()[pri:0, instance:com.sfdc.testcases.SFDC001_LoginPage@554e218]" started-at="2021-06-12T12:18:23Z" name="afterMethod" finished-at="2021-06-12T12:18:23Z" duration-ms="0" status="PASS">
          <reporter-output>
          </reporter-output>
        </test-method> <!-- afterMethod -->
        <test-method is-config="true" signature="afterSuite()[pri:0, instance:com.sfdc.testcases.SFDC001_LoginPage@554e218]" started-at="2021-06-12T12:18:23Z" name="afterSuite" finished-at="2021-06-12T12:18:24Z" duration-ms="248" status="PASS">
          <reporter-output>
          </reporter-output>
        </test-method> <!-- afterSuite -->
      </class> <!-- com.sfdc.testcases.SFDC001_LoginPage -->
    </test> <!-- Test -->
  </suite> <!-- Suite -->
</testng-results>
